生成启动时间为 2018/12/4 星期二 22:07:43。
     1>项目“G:\ALLPARAMETER\code\AMR_NB_FCB_MIAO\AMR_NB_FCB_MIAO\AMR_NB_FCB_MIAO\AMR_NB_FCB_MIAO.vcxproj”在节点 2 上(build 个目标)。
     1>InitializeBuildStatus:
         正在创建“Debug\AMR_NB_FCB_MIAO.unsuccessfulbuild”，因为已指定“AlwaysCreate”。
       ClCompile:
         C:\Program Files (x86)\Microsoft Visual Studio 10.0\VC\bin\CL.exe /c /ZI /nologo /W3 /WX- /Od /Oy- /D WIN32 /D _DEBUG /D _CONSOLE /D _UNICODE /D UNICODE /Gm /EHsc /RTC1 /MDd /GS /fp:precise /Zc:wchar_t /Zc:forScope /Fo"Debug\\" /Fd"Debug\vc100.pdb" /Gd /TC /analyze- /errorReport:prompt encoder.c
         encoder.c
     1>g:\allparameter\code\amr_nb_fcb_miao\amr_nb_fcb_miao\amr_nb_fcb_miao\encoder.c(73): warning C4996: 'access': The POSIX name for this item is deprecated. Instead, use the ISO C++ conformant name: _access. See online help for details.
                 c:\program files (x86)\microsoft visual studio 10.0\vc\include\io.h(299) : 参见“access”的声明
     1>g:\allparameter\code\amr_nb_fcb_miao\amr_nb_fcb_miao\amr_nb_fcb_miao\encoder.c(92): warning C4996: 'sprintf': This function or variable may be unsafe. Consider using sprintf_s instead. To disable deprecation, use _CRT_SECURE_NO_WARNINGS. See online help for details.
                 c:\program files (x86)\microsoft visual studio 10.0\vc\include\stdio.h(371) : 参见“sprintf”的声明
     1>g:\allparameter\code\amr_nb_fcb_miao\amr_nb_fcb_miao\amr_nb_fcb_miao\encoder.c(94): warning C4996: 'sprintf': This function or variable may be unsafe. Consider using sprintf_s instead. To disable deprecation, use _CRT_SECURE_NO_WARNINGS. See online help for details.
                 c:\program files (x86)\microsoft visual studio 10.0\vc\include\stdio.h(371) : 参见“sprintf”的声明
     1>g:\allparameter\code\amr_nb_fcb_miao\amr_nb_fcb_miao\amr_nb_fcb_miao\encoder.c(96): warning C4013: “AMRcoder”未定义；假设外部返回 int
     1>g:\allparameter\code\amr_nb_fcb_miao\amr_nb_fcb_miao\amr_nb_fcb_miao\encoder.c(197): warning C4996: 'fopen': This function or variable may be unsafe. Consider using fopen_s instead. To disable deprecation, use _CRT_SECURE_NO_WARNINGS. See online help for details.
                 c:\program files (x86)\microsoft visual studio 10.0\vc\include\stdio.h(234) : 参见“fopen”的声明
     1>g:\allparameter\code\amr_nb_fcb_miao\amr_nb_fcb_miao\amr_nb_fcb_miao\encoder.c(203): warning C4996: 'fopen': This function or variable may be unsafe. Consider using fopen_s instead. To disable deprecation, use _CRT_SECURE_NO_WARNINGS. See online help for details.
                 c:\program files (x86)\microsoft visual studio 10.0\vc\include\stdio.h(234) : 参见“fopen”的声明
     1>g:\allparameter\code\amr_nb_fcb_miao\amr_nb_fcb_miao\amr_nb_fcb_miao\encoder.c(211): warning C4996: 'fopen': This function or variable may be unsafe. Consider using fopen_s instead. To disable deprecation, use _CRT_SECURE_NO_WARNINGS. See online help for details.
                 c:\program files (x86)\microsoft visual studio 10.0\vc\include\stdio.h(234) : 参见“fopen”的声明
     1>g:\allparameter\code\amr_nb_fcb_miao\amr_nb_fcb_miao\amr_nb_fcb_miao\encoder.c(281): warning C4996: 'fscanf': This function or variable may be unsafe. Consider using fscanf_s instead. To disable deprecation, use _CRT_SECURE_NO_WARNINGS. See online help for details.
                 c:\program files (x86)\microsoft visual studio 10.0\vc\include\stdio.h(253) : 参见“fscanf”的声明
       ManifestResourceCompile:
         所有输出均为最新。
       Link:
         C:\Program Files (x86)\Microsoft Visual Studio 10.0\VC\bin\link.exe /ERRORREPORT:PROMPT /OUT:"G:\ALLPARAMETER\code\AMR_NB_FCB_MIAO\AMR_NB_FCB_MIAO\Debug\AMR_NB_FCB_MIAO.exe" /INCREMENTAL /NOLOGO kernel32.lib user32.lib gdi32.lib winspool.lib comdlg32.lib advapi32.lib shell32.lib ole32.lib oleaut32.lib uuid.lib odbc32.lib odbccp32.lib /MANIFEST /ManifestFile:"Debug\AMR_NB_FCB_MIAO.exe.intermediate.manifest" /MANIFESTUAC:"level='asInvoker' uiAccess='false'" /DEBUG /PDB:"G:\ALLPARAMETER\code\AMR_NB_FCB_MIAO\AMR_NB_FCB_MIAO\Debug\AMR_NB_FCB_MIAO.pdb" /SUBSYSTEM:CONSOLE /TLBID:1 /DYNAMICBASE /NXCOMPAT /IMPLIB:"G:\ALLPARAMETER\code\AMR_NB_FCB_MIAO\AMR_NB_FCB_MIAO\Debug\AMR_NB_FCB_MIAO.lib" /MACHINE:X86 Debug\AMR_NB_FCB_MIAO.exe.embed.manifest.res
         Debug\encoder.obj
         Debug\interf_enc.obj
         Debug\sp_enc.obj
       Manifest:
         C:\Program Files (x86)\Microsoft SDKs\Windows\v7.0A\bin\mt.exe /nologo /verbose /out:"Debug\AMR_NB_FCB_MIAO.exe.embed.manifest" /manifest Debug\AMR_NB_FCB_MIAO.exe.intermediate.manifest
         所有输出均为最新。
       LinkEmbedManifest:
         所有输出均为最新。
         AMR_NB_FCB_MIAO.vcxproj -> G:\ALLPARAMETER\code\AMR_NB_FCB_MIAO\AMR_NB_FCB_MIAO\Debug\AMR_NB_FCB_MIAO.exe
       FinalizeBuildStatus:
         正在删除文件“Debug\AMR_NB_FCB_MIAO.unsuccessfulbuild”。
         正在对“Debug\AMR_NB_FCB_MIAO.lastbuildstate”执行 Touch 任务。
     1>已完成生成项目“G:\ALLPARAMETER\code\AMR_NB_FCB_MIAO\AMR_NB_FCB_MIAO\AMR_NB_FCB_MIAO\AMR_NB_FCB_MIAO.vcxproj”(build 个目标)的操作。

生成成功。

已用时间 00:00:00.32
