  enc_lpc.c
c:\users\barryxxz\desktop\论文\code\amr_wb_dn_qim\amr-wb-coder\enc_lpc.c(88): warning C4244: “+=”: 从“double”转换到“float”，可能丢失数据
c:\users\barryxxz\desktop\论文\code\amr_wb_dn_qim\amr-wb-coder\enc_lpc.c(98): warning C4244: “初始化”: 从“float”转换到“int”，可能丢失数据
c:\users\barryxxz\desktop\论文\code\amr_wb_dn_qim\amr-wb-coder\enc_lpc.c(109): warning C4013: “malloc”未定义；假设外部返回 int
c:\users\barryxxz\desktop\论文\code\amr_wb_dn_qim\amr-wb-coder\enc_lpc.c(181): warning C4244: “=”: 从“int”转换到“float”，可能丢失数据
c:\users\barryxxz\desktop\论文\code\amr_wb_dn_qim\amr-wb-coder\enc_lpc.c(264): warning C4013: “free”未定义；假设外部返回 int
c:\users\barryxxz\desktop\论文\code\amr_wb_dn_qim\amr-wb-coder\enc_lpc.c(177): warning C4244: “初始化”: 从“float”转换到“int”，可能丢失数据
c:\users\barryxxz\desktop\论文\code\amr_wb_dn_qim\amr-wb-coder\enc_lpc.c(963): warning C4013: “rand”未定义；假设外部返回 int
c:\users\barryxxz\desktop\论文\code\amr_wb_dn_qim\amr-wb-coder\enc_lpc.c(970): warning C4013: “printf”未定义；假设外部返回 int
c:\users\barryxxz\desktop\论文\code\amr_wb_dn_qim\amr-wb-coder\enc_lpc.c(1455): warning C4090: “函数”: 不同的“const”限定符
c:\users\barryxxz\desktop\论文\code\amr_wb_dn_qim\amr-wb-coder\enc_lpc.c(1456): warning C4090: “函数”: 不同的“const”限定符
c:\users\barryxxz\desktop\论文\code\amr_wb_dn_qim\amr-wb-coder\enc_lpc.c(1457): warning C4090: “函数”: 不同的“const”限定符
c:\users\barryxxz\desktop\论文\code\amr_wb_dn_qim\amr-wb-coder\enc_lpc.c(1458): warning C4090: “函数”: 不同的“const”限定符
c:\users\barryxxz\desktop\论文\code\amr_wb_dn_qim\amr-wb-coder\enc_lpc.c(1459): warning C4090: “函数”: 不同的“const”限定符
c:\users\barryxxz\desktop\论文\code\amr_wb_dn_qim\amr-wb-coder\enc_lpc.c(1463): warning C4013: “exit”未定义；假设外部返回 int
c:\users\barryxxz\desktop\论文\code\amr_wb_dn_qim\amr-wb-coder\enc_lpc.c(1465): warning C4090: “函数”: 不同的“const”限定符
c:\users\barryxxz\desktop\论文\code\amr_wb_dn_qim\amr-wb-coder\enc_lpc.c(1466): warning C4090: “函数”: 不同的“const”限定符
c:\users\barryxxz\desktop\论文\code\amr_wb_dn_qim\amr-wb-coder\enc_lpc.c(1467): warning C4090: “函数”: 不同的“const”限定符
c:\users\barryxxz\desktop\论文\code\amr_wb_dn_qim\amr-wb-coder\enc_lpc.c(1468): warning C4090: “函数”: 不同的“const”限定符
c:\users\barryxxz\desktop\论文\code\amr_wb_dn_qim\amr-wb-coder\enc_lpc.c(1469): warning C4090: “函数”: 不同的“const”限定符
c:\users\barryxxz\desktop\论文\code\amr_wb_dn_qim\amr-wb-coder\enc_lpc.c(280): warning C4715: “getClusterPos”: 不是所有的控件路径都返回值
  AMR-WB-CODER.vcxproj -> C:\Users\BarryxxZ\Desktop\论文\code\AMR_WB_DN_QIM\Debug\AMR-WB-CODER.exe
