  encoder.c
f:\onedrive\ats\code\stego\amrnb_liu\amrnb_liu\code\encoder.c(94): warning C4098: “m4”:“void”函数返回值
f:\onedrive\ats\code\stego\amrnb_liu\amrnb_liu\code\encoder.c(107): warning C4013: “access”未定义；假设外部返回 int
f:\onedrive\ats\code\stego\amrnb_liu\amrnb_liu\code\encoder.c(109): warning C4013: “mkdir”未定义；假设外部返回 int
f:\onedrive\ats\code\stego\amrnb_liu\amrnb_liu\code\encoder.c(140): warning C4244: “函数”: 从“float”转换到“size_t”，可能丢失数据
f:\onedrive\ats\code\stego\amrnb_liu\amrnb_liu\code\encoder.c(156): warning C4013: “coder”未定义；假设外部返回 int
f:\onedrive\ats\code\stego\amrnb_liu\amrnb_liu\code\encoder.c(157): warning C4013: “decoder”未定义；假设外部返回 int
f:\onedrive\ats\code\stego\amrnb_liu\amrnb_liu\code\encoder.c(133): warning C4244: “初始化”: 从“double”转换到“float”，可能丢失数据
f:\onedrive\ats\code\stego\amrnb_liu\amrnb_liu\code\encoder.c(134): warning C4244: “初始化”: 从“float”转换到“int”，可能丢失数据
f:\onedrive\ats\code\stego\amrnb_liu\amrnb_liu\code\encoder.c(135): warning C4244: “初始化”: 从“float”转换到“int”，可能丢失数据
f:\onedrive\ats\code\stego\amrnb_liu\amrnb_liu\code\encoder.c(125): warning C4101: “j”: 未引用的局部变量
f:\onedrive\ats\code\stego\amrnb_liu\amrnb_liu\code\encoder.c(387): warning C4020: “Encoder_Interface_Encode”: 实参太多
f:\onedrive\ats\code\stego\amrnb_liu\amrnb_liu\code\encoder.c(248): warning C4101: “file_lag”: 未引用的局部变量
  interf_dec.c
  interf_enc.c
f:\onedrive\ats\code\stego\amrnb_liu\amrnb_liu\code\interf_enc.c(630): warning C4020: “Speech_Encode_Frame”: 实参太多
  sp_dec.c
  sp_enc.c
f:\onedrive\ats\code\stego\amrnb_liu\amrnb_liu\code\sp_enc.c(3473): warning C4101: “msgLength”: 未引用的局部变量
f:\onedrive\ats\code\stego\amrnb_liu\amrnb_liu\code\sp_enc.c(11490): warning C4029: 声明的形参表不同于定义
  正在生成代码
  All 225 functions were compiled because no usable IPDB/IOBJ from previous compilation was found.
  已完成代码的生成
  amrnb_liu.vcxproj -> F:\OneDrive\ATS\code\stego\amrnb_liu\Release\amrnb_liu.exe
