D:\VS2010\AMR_CODER\AMR3GPP\DEBUG\AMR3GPP.EXE.EMBED.MANIFEST
D:\VS2010\AMR_CODER\AMR3GPP\DEBUG\AMR3GPP.EXE.EMBED.MANIFEST.RES
D:\VS2010\AMR_CODER\AMR3GPP\DEBUG\AMR3GPP.EXE.INTERMEDIATE.MANIFEST
D:\VS2010\AMR_Coder\amr3gpp\Debug\amr3gpp_manifest.rc
D:\VS2010\AMR_Coder\amr3gpp\Debug\cl.command.1.tlog
D:\VS2010\AMR_Coder\amr3gpp\Debug\CL.read.1.tlog
D:\VS2010\AMR_Coder\amr3gpp\Debug\CL.write.1.tlog
D:\VS2010\AMR_CODER\AMR3GPP\DEBUG\ENCODER.OBJ
D:\VS2010\AMR_CODER\AMR3GPP\DEBUG\INTERF_ENC.OBJ
D:\VS2010\AMR_Coder\amr3gpp\Debug\link.10528.read.1.tlog
D:\VS2010\AMR_Coder\amr3gpp\Debug\link.10528.write.1.tlog
D:\VS2010\AMR_Coder\amr3gpp\Debug\link.10528-cvtres.read.1.tlog
D:\VS2010\AMR_Coder\amr3gpp\Debug\link.10528-cvtres.write.1.tlog
D:\VS2010\AMR_Coder\amr3gpp\Debug\link.11124.read.1.tlog
D:\VS2010\AMR_Coder\amr3gpp\Debug\link.11124.write.1.tlog
D:\VS2010\AMR_Coder\amr3gpp\Debug\link.11124-cvtres.read.1.tlog
D:\VS2010\AMR_Coder\amr3gpp\Debug\link.11124-cvtres.write.1.tlog
D:\VS2010\AMR_Coder\amr3gpp\Debug\link.4752.read.1.tlog
D:\VS2010\AMR_Coder\amr3gpp\Debug\link.4752.write.1.tlog
D:\VS2010\AMR_Coder\amr3gpp\Debug\link.4752-cvtres.read.1.tlog
D:\VS2010\AMR_Coder\amr3gpp\Debug\link.4752-cvtres.write.1.tlog
D:\VS2010\AMR_Coder\amr3gpp\Debug\link.8524.read.1.tlog
D:\VS2010\AMR_Coder\amr3gpp\Debug\link.8524.write.1.tlog
D:\VS2010\AMR_Coder\amr3gpp\Debug\link.8524-cvtres.read.1.tlog
D:\VS2010\AMR_Coder\amr3gpp\Debug\link.8524-cvtres.write.1.tlog
D:\VS2010\AMR_Coder\amr3gpp\Debug\link.command.1.tlog
D:\VS2010\AMR_Coder\amr3gpp\Debug\link.read.1.tlog
D:\VS2010\AMR_Coder\amr3gpp\Debug\link.write.1.tlog
D:\VS2010\AMR_Coder\amr3gpp\Debug\link-cvtres.read.1.tlog
D:\VS2010\AMR_Coder\amr3gpp\Debug\link-cvtres.write.1.tlog
D:\VS2010\AMR_Coder\amr3gpp\Debug\mt.command.1.tlog
D:\VS2010\AMR_Coder\amr3gpp\Debug\mt.read.1.tlog
D:\VS2010\AMR_Coder\amr3gpp\Debug\mt.write.1.tlog
D:\VS2010\AMR_Coder\amr3gpp\Debug\rc.command.1.tlog
D:\VS2010\AMR_Coder\amr3gpp\Debug\rc.read.1.tlog
D:\VS2010\AMR_Coder\amr3gpp\Debug\rc.write.1.tlog
D:\VS2010\AMR_CODER\AMR3GPP\DEBUG\SP_ENC.OBJ
D:\VS2010\AMR_Coder\amr3gpp\Debug\vc100.idb
D:\VS2010\AMR_CODER\AMR3GPP\DEBUG\VC100.PDB
D:\VS2010\AMR_CODER\DEBUG\AMR3GPP.EXE
D:\VS2010\AMR_CODER\DEBUG\AMR3GPP.ILK
D:\VS2010\AMR_CODER\DEBUG\AMR3GPP.PDB
