D:\3RD_PAPER\AMR_CODER\AMR3GPP\DEBUG\AMRSTEGCODER.EXE.EMBED.MANIFEST
D:\3RD_PAPER\AMR_CODER\AMR3GPP\DEBUG\AMRSTEGCODER.EXE.EMBED.MANIFEST.RES
D:\3RD_PAPER\AMR_CODER\AMR3GPP\DEBUG\AMRSTEGCODER.EXE.INTERMEDIATE.MANIFEST
D:\3RD_PAPER\AMR_Coder\amr3gpp\Debug\AMRStegCoder_manifest.rc
D:\3RD_PAPER\AMR_Coder\amr3gpp\Debug\cl.command.1.tlog
D:\3RD_PAPER\AMR_Coder\amr3gpp\Debug\CL.read.1.tlog
D:\3RD_PAPER\AMR_Coder\amr3gpp\Debug\CL.write.1.tlog
D:\3RD_PAPER\AMR_CODER\AMR3GPP\DEBUG\ENCODER.OBJ
D:\3RD_PAPER\AMR_CODER\AMR3GPP\DEBUG\INTERF_ENC.OBJ
D:\3RD_PAPER\AMR_Coder\amr3gpp\Debug\link.3308.read.1.tlog
D:\3RD_PAPER\AMR_Coder\amr3gpp\Debug\link.3308.write.1.tlog
D:\3RD_PAPER\AMR_Coder\amr3gpp\Debug\link.3308-cvtres.read.1.tlog
D:\3RD_PAPER\AMR_Coder\amr3gpp\Debug\link.3308-cvtres.write.1.tlog
D:\3RD_PAPER\AMR_Coder\amr3gpp\Debug\link.command.1.tlog
D:\3RD_PAPER\AMR_Coder\amr3gpp\Debug\link.read.1.tlog
D:\3RD_PAPER\AMR_Coder\amr3gpp\Debug\link.write.1.tlog
D:\3RD_PAPER\AMR_Coder\amr3gpp\Debug\link-cvtres.read.1.tlog
D:\3RD_PAPER\AMR_Coder\amr3gpp\Debug\link-cvtres.write.1.tlog
D:\3RD_PAPER\AMR_Coder\amr3gpp\Debug\mt.command.1.tlog
D:\3RD_PAPER\AMR_Coder\amr3gpp\Debug\mt.read.1.tlog
D:\3RD_PAPER\AMR_Coder\amr3gpp\Debug\mt.write.1.tlog
D:\3RD_PAPER\AMR_Coder\amr3gpp\Debug\rc.command.1.tlog
D:\3RD_PAPER\AMR_Coder\amr3gpp\Debug\rc.read.1.tlog
D:\3RD_PAPER\AMR_Coder\amr3gpp\Debug\rc.write.1.tlog
D:\3RD_PAPER\AMR_CODER\AMR3GPP\DEBUG\SP_ENC.OBJ
D:\3RD_PAPER\AMR_Coder\amr3gpp\Debug\vc100.idb
D:\3RD_PAPER\AMR_CODER\AMR3GPP\DEBUG\VC100.PDB
D:\3RD_PAPER\AMR_CODER\DEBUG\AMRSTEGCODER.EXE
D:\3RD_PAPER\AMR_CODER\DEBUG\AMRSTEGCODER.ILK
D:\3RD_PAPER\AMR_CODER\DEBUG\AMRSTEGCODER.PDB
